<?xml version="1.0" encoding="UTF-8"?>
<coverage generated="1695316006720" clover="3.2.0">
  <project timestamp="1695316006720" name="All files">
    <metrics statements="28" coveredstatements="22" conditionals="7" coveredconditionals="1" methods="13" coveredmethods="7" elements="48" coveredelements="30" complexity="0" loc="28" ncloc="28" packages="3" files="3" classes="3"/>
    <package name="utils">
      <metrics statements="12" coveredstatements="6" conditionals="6" coveredconditionals="0" methods="8" coveredmethods="2"/>
      <file name="CustomErrorHandler.ts" path="/Users/chiranjeevthomas/Documents/skeleton-express-app/src/utils/CustomErrorHandler.ts">
        <metrics statements="12" coveredstatements="6" conditionals="6" coveredconditionals="0" methods="8" coveredmethods="2"/>
        <line num="2" count="5" type="stmt"/>
        <line num="3" count="5" type="stmt"/>
        <line num="4" count="5" type="stmt"/>
        <line num="5" count="5" type="stmt"/>
        <line num="17" count="0" type="stmt"/>
        <line num="33" count="0" type="stmt"/>
        <line num="46" count="0" type="stmt"/>
        <line num="50" count="0" type="stmt"/>
        <line num="54" count="0" type="stmt"/>
        <line num="58" count="0" type="stmt"/>
        <line num="62" count="5" type="stmt"/>
        <line num="66" count="1" type="stmt"/>
      </file>
    </package>
    <package name="utils.adapters">
      <metrics statements="12" coveredstatements="12" conditionals="1" coveredconditionals="1" methods="3" coveredmethods="3"/>
      <file name="UserRegisterAdapter.ts" path="/Users/chiranjeevthomas/Documents/skeleton-express-app/src/utils/adapters/UserRegisterAdapter.ts">
        <metrics statements="12" coveredstatements="12" conditionals="1" coveredconditionals="1" methods="3" coveredmethods="3"/>
        <line num="2" count="1" type="stmt"/>
        <line num="5" count="1" type="stmt"/>
        <line num="8" count="1" type="stmt"/>
        <line num="16" count="6" type="stmt"/>
        <line num="17" count="6" type="stmt"/>
        <line num="24" count="6" type="stmt"/>
        <line num="29" count="6" type="stmt"/>
        <line num="31" count="5" type="stmt"/>
        <line num="32" count="5" type="cond" truecount="1" falsecount="0"/>
        <line num="33" count="5" type="stmt"/>
        <line num="34" count="7" type="stmt"/>
        <line num="37" count="5" type="stmt"/>
      </file>
    </package>
    <package name="utils.validators">
      <metrics statements="4" coveredstatements="4" conditionals="0" coveredconditionals="0" methods="2" coveredmethods="2"/>
      <file name="UserRegisterParserImpl.ts" path="/Users/chiranjeevthomas/Documents/skeleton-express-app/src/utils/validators/UserRegisterParserImpl.ts">
        <metrics statements="4" coveredstatements="4" conditionals="0" coveredconditionals="0" methods="2" coveredmethods="2"/>
        <line num="4" count="1" type="stmt"/>
        <line num="5" count="2" type="stmt"/>
        <line num="7" count="2" type="stmt"/>
        <line num="8" count="2" type="stmt"/>
      </file>
    </package>
  </project>
</coverage>
