{"/Users/chiranjeevthomas/Documents/skeleton-express-app/src/domain/use-cases/sign-up.ts": {"path":"/Users/chiranjeevthomas/Documents/skeleton-express-app/src/domain/use-cases/sign-up.ts","statementMap":{"0":{"start":{"line":4,"column":0},"end":{"line":4,"column":59}},"1":{"start":{"line":10,"column":21},"end":{"line":10,"column":63}},"2":{"start":{"line":11,"column":21},"end":{"line":11,"column":73}},"3":{"start":{"line":12,"column":21},"end":{"line":12,"column":49}},"4":{"start":{"line":17,"column":23},"end":{"line":18,"column":null}},"5":{"start":{"line":21,"column":4},"end":{"line":23,"column":null}},"6":{"start":{"line":22,"column":6},"end":{"line":22,"column":34}},"7":{"start":{"line":25,"column":27},"end":{"line":25,"column":75}},"8":{"start":{"line":27,"column":22},"end":{"line":31,"column":6}},"9":{"start":{"line":33,"column":4},"end":{"line":33,"column":21}},"10":{"start":{"line":8,"column":0},"end":{"line":8,"column":13}}},"fnMap":{"0":{"name":"(anonymous_8)","decl":{"start":{"line":9,"column":2},"end":{"line":9,"column":null}},"loc":{"start":{"line":12,"column":49},"end":{"line":13,"column":6}}},"1":{"name":"(anonymous_9)","decl":{"start":{"line":14,"column":8},"end":{"line":14,"column":15}},"loc":{"start":{"line":15,"column":35},"end":{"line":34,"column":null}}}},"branchMap":{"0":{"loc":{"start":{"line":21,"column":4},"end":{"line":23,"column":null}},"type":"if","locations":[{"start":{"line":21,"column":4},"end":{"line":23,"column":null}}]}},"s":{"0":1,"1":2,"2":2,"3":2,"4":3,"5":3,"6":2,"7":1,"8":1,"9":1,"10":1},"f":{"0":2,"1":3},"b":{"0":[2]}}
,"/Users/chiranjeevthomas/Documents/skeleton-express-app/src/errors/EmailInUseError.ts": {"path":"/Users/chiranjeevthomas/Documents/skeleton-express-app/src/errors/EmailInUseError.ts","statementMap":{"0":{"start":{"line":6,"column":4},"end":{"line":6,"column":32}},"1":{"start":{"line":3,"column":20},"end":{"line":3,"column":30}},"2":{"start":{"line":4,"column":20},"end":{"line":4,"column":29}},"3":{"start":{"line":1,"column":0},"end":{"line":1,"column":21}}},"fnMap":{"0":{"name":"(anonymous_0)","decl":{"start":{"line":2,"column":2},"end":{"line":2,"column":null}},"loc":{"start":{"line":4,"column":32},"end":{"line":7,"column":3}}}},"branchMap":{"0":{"loc":{"start":{"line":3,"column":20},"end":{"line":3,"column":55}},"type":"default-arg","locations":[{"start":{"line":3,"column":30},"end":{"line":3,"column":55}}]},"1":{"loc":{"start":{"line":4,"column":20},"end":{"line":4,"column":32}},"type":"default-arg","locations":[{"start":{"line":4,"column":29},"end":{"line":4,"column":32}}]}},"s":{"0":2,"1":2,"2":2,"3":1},"f":{"0":2},"b":{"0":[2],"1":[2]}}
,"/Users/chiranjeevthomas/Documents/skeleton-express-app/test/domain/helpers/sign-up.helper.ts": {"path":"/Users/chiranjeevthomas/Documents/skeleton-express-app/test/domain/helpers/sign-up.helper.ts","statementMap":{"0":{"start":{"line":4,"column":0},"end":{"line":4,"column":63}},"1":{"start":{"line":6,"column":22},"end":{"line":41,"column":1}},"2":{"start":{"line":7,"column":57},"end":{"line":13,"column":4}},"3":{"start":{"line":11,"column":6},"end":{"line":11,"column":51}},"4":{"start":{"line":15,"column":67},"end":{"line":21,"column":4}},"5":{"start":{"line":19,"column":6},"end":{"line":19,"column":51}},"6":{"start":{"line":23,"column":43},"end":{"line":27,"column":4}},"7":{"start":{"line":25,"column":6},"end":{"line":25,"column":51}},"8":{"start":{"line":29,"column":17},"end":{"line":32,"column":null}},"9":{"start":{"line":35,"column":2},"end":{"line":40,"column":4}},"10":{"start":{"line":6,"column":13},"end":{"line":6,"column":22}},"11":{"start":{"line":43,"column":33},"end":{"line":50,"column":1}},"12":{"start":{"line":44,"column":2},"end":{"line":49,"column":4}},"13":{"start":{"line":43,"column":13},"end":{"line":43,"column":33}},"14":{"start":{"line":52,"column":33},"end":{"line":59,"column":1}},"15":{"start":{"line":53,"column":2},"end":{"line":58,"column":4}},"16":{"start":{"line":52,"column":13},"end":{"line":52,"column":33}}},"fnMap":{"0":{"name":"(anonymous_0)","decl":{"start":{"line":6,"column":22},"end":{"line":6,"column":25}},"loc":{"start":{"line":6,"column":27},"end":{"line":41,"column":1}}},"1":{"name":"(anonymous_1)","decl":{"start":{"line":8,"column":18},"end":{"line":8,"column":null}},"loc":{"start":{"line":9,"column":44},"end":{"line":12,"column":5}}},"2":{"name":"(anonymous_2)","decl":{"start":{"line":16,"column":21},"end":{"line":16,"column":null}},"loc":{"start":{"line":17,"column":19},"end":{"line":20,"column":5}}},"3":{"name":"(anonymous_3)","decl":{"start":{"line":24,"column":10},"end":{"line":24,"column":20}},"loc":{"start":{"line":24,"column":32},"end":{"line":26,"column":5}}},"4":{"name":"(anonymous_4)","decl":{"start":{"line":43,"column":33},"end":{"line":43,"column":36}},"loc":{"start":{"line":43,"column":38},"end":{"line":50,"column":1}}},"5":{"name":"(anonymous_5)","decl":{"start":{"line":52,"column":33},"end":{"line":52,"column":36}},"loc":{"start":{"line":52,"column":38},"end":{"line":59,"column":1}}}},"branchMap":{},"s":{"0":1,"1":1,"2":2,"3":0,"4":2,"5":0,"6":2,"7":0,"8":2,"9":2,"10":1,"11":1,"12":2,"13":1,"14":1,"15":1,"16":1},"f":{"0":2,"1":0,"2":0,"3":0,"4":2,"5":1},"b":{}}
}
