{"/Users/chiranjeevthomas/Documents/skeleton-express-app/src/utils/CustomErrorHandler.ts": {"path":"/Users/chiranjeevthomas/Documents/skeleton-express-app/src/utils/CustomErrorHandler.ts","statementMap":{"0":{"start":{"line":3,"column":4},"end":{"line":3,"column":12}},"1":{"start":{"line":2,"column":21},"end":{"line":2,"column":35}},"2":{"start":{"line":2,"column":44},"end":{"line":2,"column":59}},"3":{"start":{"line":4,"column":4},"end":{"line":4,"column":25}},"4":{"start":{"line":5,"column":4},"end":{"line":5,"column":27}},"5":{"start":{"line":17,"column":4},"end":{"line":17,"column":48}},"6":{"start":{"line":33,"column":4},"end":{"line":33,"column":48}},"7":{"start":{"line":46,"column":4},"end":{"line":46,"column":48}},"8":{"start":{"line":50,"column":4},"end":{"line":50,"column":48}},"9":{"start":{"line":54,"column":4},"end":{"line":54,"column":48}},"10":{"start":{"line":58,"column":4},"end":{"line":58,"column":48}},"11":{"start":{"line":62,"column":4},"end":{"line":62,"column":48}},"12":{"start":{"line":66,"column":0},"end":{"line":66,"column":34}}},"fnMap":{"0":{"name":"(anonymous_0)","decl":{"start":{"line":2,"column":2},"end":{"line":2,"column":21}},"loc":{"start":{"line":2,"column":59},"end":{"line":6,"column":3}}},"1":{"name":"(anonymous_1)","decl":{"start":{"line":16,"column":2},"end":{"line":16,"column":8}},"loc":{"start":{"line":16,"column":38},"end":{"line":18,"column":3}}},"2":{"name":"(anonymous_2)","decl":{"start":{"line":29,"column":2},"end":{"line":29,"column":8}},"loc":{"start":{"line":29,"column":58},"end":{"line":34,"column":3}}},"3":{"name":"(anonymous_3)","decl":{"start":{"line":45,"column":2},"end":{"line":45,"column":8}},"loc":{"start":{"line":45,"column":63},"end":{"line":47,"column":3}}},"4":{"name":"(anonymous_4)","decl":{"start":{"line":49,"column":2},"end":{"line":49,"column":8}},"loc":{"start":{"line":49,"column":39},"end":{"line":51,"column":3}}},"5":{"name":"(anonymous_5)","decl":{"start":{"line":53,"column":2},"end":{"line":53,"column":8}},"loc":{"start":{"line":53,"column":45},"end":{"line":55,"column":3}}},"6":{"name":"(anonymous_6)","decl":{"start":{"line":57,"column":2},"end":{"line":57,"column":8}},"loc":{"start":{"line":57,"column":57},"end":{"line":59,"column":3}}},"7":{"name":"(anonymous_7)","decl":{"start":{"line":61,"column":2},"end":{"line":61,"column":8}},"loc":{"start":{"line":61,"column":48},"end":{"line":63,"column":3}}}},"branchMap":{"0":{"loc":{"start":{"line":29,"column":24},"end":{"line":29,"column":58}},"type":"default-arg","locations":[{"start":{"line":29,"column":34},"end":{"line":29,"column":58}}]},"1":{"loc":{"start":{"line":45,"column":26},"end":{"line":45,"column":63}},"type":"default-arg","locations":[{"start":{"line":45,"column":36},"end":{"line":45,"column":63}}]},"2":{"loc":{"start":{"line":49,"column":18},"end":{"line":49,"column":39}},"type":"default-arg","locations":[{"start":{"line":49,"column":28},"end":{"line":49,"column":39}}]},"3":{"loc":{"start":{"line":53,"column":22},"end":{"line":53,"column":45}},"type":"default-arg","locations":[{"start":{"line":53,"column":32},"end":{"line":53,"column":45}}]},"4":{"loc":{"start":{"line":57,"column":21},"end":{"line":57,"column":57}},"type":"default-arg","locations":[{"start":{"line":57,"column":31},"end":{"line":57,"column":57}}]},"5":{"loc":{"start":{"line":61,"column":22},"end":{"line":61,"column":48}},"type":"default-arg","locations":[{"start":{"line":61,"column":32},"end":{"line":61,"column":48}}]}},"s":{"0":3,"1":3,"2":3,"3":3,"4":3,"5":0,"6":0,"7":0,"8":0,"9":0,"10":0,"11":3,"12":1},"f":{"0":3,"1":0,"2":0,"3":0,"4":0,"5":0,"6":0,"7":3},"b":{"0":[0],"1":[0],"2":[0],"3":[0],"4":[0],"5":[0]}}
,"/Users/chiranjeevthomas/Documents/skeleton-express-app/src/utils/adapters/UserRegisterAdapter.ts": {"path":"/Users/chiranjeevthomas/Documents/skeleton-express-app/src/utils/adapters/UserRegisterAdapter.ts","statementMap":{"0":{"start":{"line":2,"column":0},"end":{"line":2,"column":34}},"1":{"start":{"line":4,"column":0},"end":{"line":4,"column":55}},"2":{"start":{"line":17,"column":4},"end":{"line":39,"column":null}},"3":{"start":{"line":18,"column":29},"end":{"line":28,"column":10}},"4":{"start":{"line":25,"column":26},"end":{"line":25,"column":64}},"5":{"start":{"line":30,"column":6},"end":{"line":30,"column":41}},"6":{"start":{"line":32,"column":25},"end":{"line":32,"column":27}},"7":{"start":{"line":33,"column":6},"end":{"line":37,"column":null}},"8":{"start":{"line":34,"column":8},"end":{"line":36,"column":10}},"9":{"start":{"line":35,"column":18},"end":{"line":35,"column":51}},"10":{"start":{"line":38,"column":6},"end":{"line":38,"column":58}},"11":{"start":{"line":9,"column":0},"end":{"line":9,"column":13}}},"fnMap":{"0":{"name":"(anonymous_1)","decl":{"start":{"line":10,"column":2},"end":{"line":10,"column":7}},"loc":{"start":{"line":10,"column":22},"end":{"line":40,"column":3}}},"1":{"name":"(anonymous_2)","decl":{"start":{"line":25,"column":16},"end":{"line":25,"column":17}},"loc":{"start":{"line":25,"column":26},"end":{"line":25,"column":64}}},"2":{"name":"(anonymous_3)","decl":{"start":{"line":35,"column":10},"end":{"line":35,"column":11}},"loc":{"start":{"line":35,"column":18},"end":{"line":35,"column":51}}}},"branchMap":{"0":{"loc":{"start":{"line":33,"column":6},"end":{"line":37,"column":null}},"type":"if","locations":[{"start":{"line":33,"column":6},"end":{"line":37,"column":null}}]}},"s":{"0":1,"1":1,"2":4,"3":4,"4":4,"5":4,"6":3,"7":3,"8":3,"9":4,"10":3,"11":1},"f":{"0":4,"1":4,"2":4},"b":{"0":[3]}}
,"/Users/chiranjeevthomas/Documents/skeleton-express-app/src/utils/validators/UserRegisterParserImpl.ts": {"path":"/Users/chiranjeevthomas/Documents/skeleton-express-app/src/utils/validators/UserRegisterParserImpl.ts","statementMap":{"0":{"start":{"line":6,"column":31},"end":{"line":6,"column":71}},"1":{"start":{"line":8,"column":17},"end":{"line":8,"column":54}},"2":{"start":{"line":9,"column":4},"end":{"line":9,"column":16}},"3":{"start":{"line":5,"column":0},"end":{"line":5,"column":13}}},"fnMap":{"0":{"name":"(anonymous_0)","decl":{"start":{"line":6,"column":2},"end":{"line":6,"column":31}},"loc":{"start":{"line":6,"column":71},"end":{"line":6,"column":75}}},"1":{"name":"(anonymous_1)","decl":{"start":{"line":7,"column":2},"end":{"line":7,"column":7}},"loc":{"start":{"line":7,"column":22},"end":{"line":10,"column":3}}}},"branchMap":{},"s":{"0":2,"1":2,"2":2,"3":1},"f":{"0":2,"1":2},"b":{}}
}
