TN:
SF:src/domain/use-cases/sign-up.ts
FN:9,(anonymous_8)
FN:14,(anonymous_9)
FNF:2
FNH:2
FNDA:2,(anonymous_8)
FNDA:3,(anonymous_9)
DA:4,1
DA:8,1
DA:10,2
DA:11,2
DA:12,2
DA:17,3
DA:21,3
DA:22,2
DA:25,1
DA:27,1
DA:33,1
LF:11
LH:11
BRDA:21,0,0,2
BRF:1
BRH:1
end_of_record
TN:
SF:src/errors/EmailInUseError.ts
FN:2,(anonymous_0)
FNF:1
FNH:1
FNDA:2,(anonymous_0)
DA:1,1
DA:3,2
DA:4,2
DA:6,2
LF:4
LH:4
BRDA:3,0,0,2
BRDA:4,1,0,2
BRF:2
BRH:2
end_of_record
TN:
SF:test/domain/helpers/sign-up.helper.ts
FN:6,(anonymous_0)
FN:8,(anonymous_1)
FN:16,(anonymous_2)
FN:24,(anonymous_3)
FN:43,(anonymous_4)
FN:52,(anonymous_5)
FNF:6
FNH:3
FNDA:2,(anonymous_0)
FNDA:0,(anonymous_1)
FNDA:0,(anonymous_2)
FNDA:0,(anonymous_3)
FNDA:2,(anonymous_4)
FNDA:1,(anonymous_5)
DA:4,1
DA:6,1
DA:7,2
DA:11,0
DA:15,2
DA:19,0
DA:23,2
DA:25,0
DA:29,2
DA:35,2
DA:43,1
DA:44,2
DA:52,1
DA:53,1
LF:14
LH:11
BRF:0
BRH:0
end_of_record
