TN:
SF:src/utils/CustomErrorHandler.ts
FN:2,(anonymous_0)
FN:16,(anonymous_1)
FN:29,(anonymous_2)
FN:45,(anonymous_3)
FN:49,(anonymous_4)
FN:53,(anonymous_5)
FN:57,(anonymous_6)
FN:61,(anonymous_7)
FN:65,(anonymous_8)
FNF:9
FNH:2
FNDA:5,(anonymous_0)
FNDA:0,(anonymous_1)
FNDA:0,(anonymous_2)
FNDA:0,(anonymous_3)
FNDA:0,(anonymous_4)
FNDA:0,(anonymous_5)
FNDA:0,(anonymous_6)
FNDA:5,(anonymous_7)
FNDA:0,(anonymous_8)
DA:2,5
DA:3,5
DA:4,5
DA:5,5
DA:17,0
DA:33,0
DA:46,0
DA:50,0
DA:54,0
DA:58,0
DA:62,5
DA:66,0
DA:70,1
LF:13
LH:6
BRDA:29,0,0,0
BRDA:45,1,0,0
BRDA:49,2,0,0
BRDA:53,3,0,0
BRDA:57,4,0,0
BRDA:61,5,0,0
BRDA:65,6,0,0
BRF:7
BRH:0
end_of_record
TN:
SF:src/utils/adapters/UserRegisterAdapter.ts
FN:8,(anonymous_1)
FN:23,(anonymous_2)
FN:33,(anonymous_3)
FNF:3
FNH:3
FNDA:6,(anonymous_1)
FNDA:6,(anonymous_2)
FNDA:7,(anonymous_3)
DA:2,1
DA:4,1
DA:7,1
DA:15,6
DA:16,6
DA:23,6
DA:28,6
DA:30,5
DA:31,5
DA:32,5
DA:33,7
DA:36,5
LF:12
LH:12
BRDA:31,0,0,5
BRF:1
BRH:1
end_of_record
TN:
SF:src/utils/validators/UserRegisterParserImpl.ts
FN:5,(anonymous_0)
FN:6,(anonymous_1)
FNF:2
FNH:2
FNDA:2,(anonymous_0)
FNDA:2,(anonymous_1)
DA:4,1
DA:5,2
DA:7,2
DA:8,2
LF:4
LH:4
BRF:0
BRH:0
end_of_record
